<?xml version="1.0" encoding="UTF-8"?>
<testsuite name="edu.coursera.distributed.FileServerTest" time="20.094" tests="9" errors="0" skipped="0" failures="1">
  <properties>
[...]
</properties>
  <testcase name="testTermination" classname="edu.coursera.distributed.FileServerTest" time="0.017"/>
  <testcase name="testFileGet" classname="edu.coursera.distributed.FileServerTest" time="0.032"/>
  <testcase name="testFileGets" classname="edu.coursera.distributed.FileServerTest" time="0.003"/>
  <testcase name="testNestedFileGet" classname="edu.coursera.distributed.FileServerTest" time="0.001"/>
  <testcase name="testDoublyNestedFileGet" classname="edu.coursera.distributed.FileServerTest" time="0.002"/>
  <testcase name="testLargeFileGet" classname="edu.coursera.distributed.FileServerTest" time="0.002"/>
  <testcase name="testMissingFileGet" classname="edu.coursera.distributed.FileServerTest" time="0.001"/>
  <testcase name="testMissingNestedFileGet" classname="edu.coursera.distributed.FileServerTest" time="0.002"/>
  <testcase name="testPerformance" classname="edu.coursera.distributed.FileServerTest" time="20.034">
    <failure message="Expected parallel threads to produce at least a 4.8x improvement, but only saw 1.9770802192326855x" type="junit.framework.AssertionFailedError">junit.framework.AssertionFailedError: Expected parallel threads to produce at least a 4.8x improvement, but only saw 1.9770802192326855x
	at junit.framework.Assert.fail(Assert.java:47)
	at junit.framework.Assert.assertTrue(Assert.java:20)
	at edu.coursera.distributed.FileServerTest.testPerformance(FileServerTest.java:327)
</failure>
    <system-err><![CDATA[Testing performance of multi-threaded web server using 8 request threads

Launching server for runPerformanceTest

Launching server for runPerformanceTest
Single-core execution completed 2007
Parallel execution completed 3968, yielding an improvement of 1.9770802192326855x

]]></system-err>
  </testcase>
</testsuite>